<?xml version="1.0" encoding="UTF-8"?>
<!-- Generated by org.testng.reporters.JUnitXMLReporter -->
<testsuite hostname="SACHINN" ignored="0" name="BankingApp Test in Chrome" tests="2" failures="0" timestamp="24 Feb 2020 08:50:37 GMT" time="59.768" errors="0">
  <testcase name="loginGuru" time="8.297" classname="com.inetbanking.testCases.TC_AddCustomerTest_003"/>
  <testcase name="addNewCustomer" time="40.334" classname="com.inetbanking.testCases.TC_AddCustomerTest_003"/>
</testsuite> <!-- BankingApp Test in Chrome -->
