<?xml version="1.0" encoding="UTF-8"?>
<testsuite name="TestSuite" time="77.48" tests="8" errors="0" skipped="0" failures="4">
  <properties>
[...]
</properties>
  <testcase name="loginTest" classname="com.inetbanking.testCases.TC_LoginTest_001" time="7.566"/>
  <testcase name="loginTest" classname="com.inetbanking.testCases.TC_LoginTest_001" time="3.962"/>
  <testcase name="loginDDT" classname="com.inetbanking.testCases.TC_LoginDDT_002" time="21.194"/>
  <testcase name="loginDDT" classname="com.inetbanking.testCases.TC_LoginDDT_002" time="14.044">
    <failure type="junit.framework.AssertionFailedError:">junit.framework.AssertionFailedError: null
	at junit.framework.Assert.fail(Assert.java:47)
	at junit.framework.Assert.assertTrue(Assert.java:20)
	at junit.framework.Assert.assertTrue(Assert.java:27)
	at com.inetbanking.testCases.TC_LoginDDT_002.loginDDT(TC_LoginDDT_002.java:31)
</failure>
    <system-out><![CDATA[ INFO [main] (TC_LoginDDT_002.java:20)- Entered username
 INFO [main] (TC_LoginDDT_002.java:22)- Entered password
 INFO [main] (TC_LoginDDT_002.java:24)- Clicked on submit Button
 WARN [main] (TC_LoginDDT_002.java:29)- Invalid credentials, login failed
Screenshot is taken for this failed test case
]]></system-out>
  </testcase>
  <testcase name="loginDDT" classname="com.inetbanking.testCases.TC_LoginDDT_002" time="10.382">
    <failure type="junit.framework.AssertionFailedError:">junit.framework.AssertionFailedError: null
	at junit.framework.Assert.fail(Assert.java:47)
	at junit.framework.Assert.assertTrue(Assert.java:20)
	at junit.framework.Assert.assertTrue(Assert.java:27)
	at com.inetbanking.testCases.TC_LoginDDT_002.loginDDT(TC_LoginDDT_002.java:31)
</failure>
    <system-out><![CDATA[ INFO [main] (TC_LoginDDT_002.java:20)- Entered username
 INFO [main] (TC_LoginDDT_002.java:22)- Entered password
 INFO [main] (TC_LoginDDT_002.java:24)- Clicked on submit Button
 WARN [main] (TC_LoginDDT_002.java:29)- Invalid credentials, login failed
Screenshot is taken for this failed test case
]]></system-out>
  </testcase>
  <testcase name="loginDDT" classname="com.inetbanking.testCases.TC_LoginDDT_002" time="19.491"/>
  <testcase name="loginDDT" classname="com.inetbanking.testCases.TC_LoginDDT_002" time="13.273">
    <failure type="junit.framework.AssertionFailedError:">junit.framework.AssertionFailedError: null
	at junit.framework.Assert.fail(Assert.java:47)
	at junit.framework.Assert.assertTrue(Assert.java:20)
	at junit.framework.Assert.assertTrue(Assert.java:27)
	at com.inetbanking.testCases.TC_LoginDDT_002.loginDDT(TC_LoginDDT_002.java:31)
</failure>
    <system-out><![CDATA[ INFO [main] (TC_LoginDDT_002.java:20)- Entered username
 INFO [main] (TC_LoginDDT_002.java:22)- Entered password
 INFO [main] (TC_LoginDDT_002.java:24)- Clicked on submit Button
 WARN [main] (TC_LoginDDT_002.java:29)- Invalid credentials, login failed
Screenshot is taken for this failed test case
]]></system-out>
  </testcase>
  <testcase name="addNewCustomer" classname="com.inetbanking.testCases.TC_AddCustomerTest_003" time="48.72">
    <failure message="expected [true] but found [false]" type="java.lang.AssertionError">java.lang.AssertionError: expected [true] but found [false]
	at org.testng.Assert.fail(Assert.java:96)
	at org.testng.Assert.failNotEquals(Assert.java:776)
	at org.testng.Assert.assertTrue(Assert.java:44)
	at org.testng.Assert.assertTrue(Assert.java:54)
	at com.inetbanking.testCases.TC_AddCustomerTest_003.addNewCustomer(TC_AddCustomerTest_003.java:72)
</failure>
    <system-out><![CDATA[RUNNING TESTS IN INTERNET EXPLORER BROWSER

 INFO [main] (TC_AddCustomerTest_003.java:20)- Entered username
 INFO [main] (TC_AddCustomerTest_003.java:22)- Entered password
 INFO [main] (TC_AddCustomerTest_003.java:24)- Clicked on submit button
 INFO [main] (TC_AddCustomerTest_003.java:39)- Clicked on new customer link
 INFO [main] (TC_AddCustomerTest_003.java:41)- Entered customer name
 INFO [main] (TC_AddCustomerTest_003.java:43)- Clicked on gender
 INFO [main] (TC_AddCustomerTest_003.java:45)- Entered dob
 INFO [main] (TC_AddCustomerTest_003.java:48)- Entered address
 INFO [main] (TC_AddCustomerTest_003.java:50)- Entered city
 INFO [main] (TC_AddCustomerTest_003.java:52)- Entered state
 INFO [main] (TC_AddCustomerTest_003.java:54)- Entered pincode
 INFO [main] (TC_AddCustomerTest_003.java:56)- Entered mobile number
 INFO [main] (TC_AddCustomerTest_003.java:60)- Entered email address
 INFO [main] (TC_AddCustomerTest_003.java:62)- Entered password
 INFO [main] (TC_AddCustomerTest_003.java:64)- Clicked on new customer submission
 WARN [main] (TC_AddCustomerTest_003.java:70)- Invalid credentials, login failed or user already exist
Screenshot is taken for this failed test case
]]></system-out>
    <system-err><![CDATA[Started InternetExplorerDriver server (32-bit)
3.14.0.0
Listening on port 5660
Only local connections are allowed
Feb 12, 2020 4:50:20 PM org.openqa.selenium.remote.ProtocolHandshake createSession
INFO: Detected dialect: W3C
]]></system-err>
  </testcase>
</testsuite>